<?xml version="1.0" encoding="UTF-8"?>
<testng-results ignored="0" total="1" passed="1" failed="0" skipped="0">
  <reporter-output>
    <line>
      <![CDATA[Price of flipkart is[53999] Higher than that of amazon which is [47900]]]>
    </line>
  </reporter-output>
  <suite started-at="2020-01-29T02:19:40 GMT+05:30" name="Default suite" finished-at="2020-01-29T02:20:22 GMT+05:30" duration-ms="42178">
    <groups>
    </groups>
    <test started-at="2020-01-29T02:19:40 GMT+05:30" name="Default test" finished-at="2020-01-29T02:20:22 GMT+05:30" duration-ms="42178">
      <class name="practice.TestCaseTest">
        <test-method signature="testcaseTest()[pri:0, instance:practice.TestCaseTest@1d082e88]" started-at="2020-01-29T02:19:40 GMT+05:30" name="testcaseTest" finished-at="2020-01-29T02:20:22 GMT+05:30" duration-ms="42124" status="PASS">
          <reporter-output>
            <line>
              <![CDATA[Price of flipkart is[53999] Higher than that of amazon which is [47900]]]>
            </line>
          </reporter-output>
        </test-method> <!-- testcaseTest -->
      </class> <!-- practice.TestCaseTest -->
    </test> <!-- Default test -->
  </suite> <!-- Default suite -->
</testng-results>
